This file contains any messages produced by compilers while
running configure, to aid debugging if configure makes a mistake.

It was created by ethercat configure 1.5.2, which was
generated by GNU Autoconf 2.69.  Invocation command line was

  $ ./configure --enable-generic --disable-r8169 --disable-8139too --prefix=/epics/drivers/ethercat/etherlabmaster-code/sysroot --enable-sii-assign

## --------- ##
## Platform. ##
## --------- ##

hostname = j254-test
uname -m = x86_64
uname -r = 4.19.0-5-rt-amd64
uname -s = Linux
uname -v = #1 SMP PREEMPT RT Debian 4.19.37-5+deb10u2 (2019-08-08)

/usr/bin/uname -p = unknown
/bin/uname -X     = unknown

/bin/arch              = x86_64
/usr/bin/arch -k       = unknown
/usr/convex/getsysinfo = unknown
/usr/bin/hostinfo      = unknown
/bin/machine           = unknown
/usr/bin/oslevel       = unknown
/bin/universe          = unknown

PATH: /usr/local/sbin
PATH: /usr/local/bin
PATH: /usr/sbin
PATH: /usr/bin
PATH: /sbin
PATH: /bin


## ----------- ##
## Core tests. ##
## ----------- ##

configure:2414: checking for a BSD-compatible install
configure:2482: result: /usr/bin/install -c
configure:2493: checking whether build environment is sane
configure:2548: result: yes
configure:2697: checking for a thread-safe mkdir -p
configure:2736: result: /usr/bin/mkdir -p
configure:2743: checking for gawk
configure:2773: result: no
configure:2743: checking for mawk
configure:2759: found /usr/bin/mawk
configure:2770: result: mawk
configure:2781: checking whether make sets $(MAKE)
configure:2803: result: yes
configure:2832: checking whether make supports nested variables
configure:2849: result: yes
configure:2997: checking for style of include used by make
configure:3025: result: GNU
configure:3096: checking for gcc
configure:3112: found /usr/bin/gcc
configure:3123: result: gcc
configure:3352: checking for C compiler version
configure:3361: gcc --version >&5
gcc (Debian 8.3.0-6) 8.3.0
Copyright (C) 2018 Free Software Foundation, Inc.
This is free software; see the source for copying conditions.  There is NO
warranty; not even for MERCHANTABILITY or FITNESS FOR A PARTICULAR PURPOSE.

configure:3372: $? = 0
configure:3361: gcc -v >&5
Using built-in specs.
COLLECT_GCC=gcc
COLLECT_LTO_WRAPPER=/usr/lib/gcc/x86_64-linux-gnu/8/lto-wrapper
OFFLOAD_TARGET_NAMES=nvptx-none
OFFLOAD_TARGET_DEFAULT=1
Target: x86_64-linux-gnu
Configured with: ../src/configure -v --with-pkgversion='Debian 8.3.0-6' --with-bugurl=file:///usr/share/doc/gcc-8/README.Bugs --enable-languages=c,ada,c++,go,brig,d,fortran,objc,obj-c++ --prefix=/usr --with-gcc-major-version-only --program-suffix=-8 --program-prefix=x86_64-linux-gnu- --enable-shared --enable-linker-build-id --libexecdir=/usr/lib --without-included-gettext --enable-threads=posix --libdir=/usr/lib --enable-nls --enable-bootstrap --enable-clocale=gnu --enable-libstdcxx-debug --enable-libstdcxx-time=yes --with-default-libstdcxx-abi=new --enable-gnu-unique-object --disable-vtable-verify --enable-libmpx --enable-plugin --enable-default-pie --with-system-zlib --with-target-system-zlib --enable-objc-gc=auto --enable-multiarch --disable-werror --with-arch-32=i686 --with-abi=m64 --with-multilib-list=m32,m64,mx32 --enable-multilib --with-tune=generic --enable-offload-targets=nvptx-none --without-cuda-driver --enable-checking=release --build=x86_64-linux-gnu --host=x86_64-linux-gnu --target=x86_64-linux-gnu
Thread model: posix
gcc version 8.3.0 (Debian 8.3.0-6) 
configure:3372: $? = 0
configure:3361: gcc -V >&5
gcc: error: unrecognized command line option '-V'
gcc: fatal error: no input files
compilation terminated.
configure:3372: $? = 1
configure:3361: gcc -qversion >&5
gcc: error: unrecognized command line option '-qversion'; did you mean '--version'?
gcc: fatal error: no input files
compilation terminated.
configure:3372: $? = 1
configure:3392: checking whether the C compiler works
configure:3414: gcc    conftest.c  >&5
configure:3418: $? = 0
configure:3466: result: yes
configure:3469: checking for C compiler default output file name
configure:3471: result: a.out
configure:3477: checking for suffix of executables
configure:3484: gcc -o conftest    conftest.c  >&5
configure:3488: $? = 0
configure:3510: result: 
configure:3532: checking whether we are cross compiling
configure:3540: gcc -o conftest    conftest.c  >&5
configure:3544: $? = 0
configure:3551: ./conftest
configure:3555: $? = 0
configure:3543: result: no
configure:3548: checking for suffix of object files
configure:3570: gcc -c   conftest.c >&5
configure:3574: $? = 0
configure:3595: result: o
configure:3599: checking whether we are using the GNU C compiler
configure:3618: gcc -c   conftest.c >&5
configure:3618: $? = 0
configure:3627: result: yes
configure:3636: checking whether gcc accepts -g
configure:3656: gcc -c -g  conftest.c >&5
configure:3656: $? = 0
configure:3697: result: yes
configure:3714: checking for gcc option to accept ISO C89
configure:3777: gcc  -c -g -O2  conftest.c >&5
configure:3777: $? = 0
configure:3790: result: none needed
configure:3815: checking whether gcc understands -c and -o together
configure:3837: gcc -c conftest.c -o conftest2.o
configure:3840: $? = 0
configure:3837: gcc -c conftest.c -o conftest2.o
configure:3840: $? = 0
configure:3852: result: yes
configure:3871: checking dependency style of gcc
configure:3982: result: gcc3
configure:4048: checking for ar
configure:4064: found /usr/bin/ar
configure:4075: result: ar
configure:4101: checking the archiver (ar) interface
configure:4117: gcc -c -g -O2  conftest.c >&5
configure:4117: $? = 0
configure:4119: ar cru libconftest.a conftest.o >&5
ar: `u' modifier ignored since `D' is the default (see `U')
configure:4122: $? = 0
configure:4121: result: ar
configure:4199: checking for g++
configure:4215: found /usr/bin/g++
configure:4226: result: g++
configure:4253: checking for C++ compiler version
configure:4262: g++ --version >&5
g++ (Debian 8.3.0-6) 8.3.0
Copyright (C) 2018 Free Software Foundation, Inc.
This is free software; see the source for copying conditions.  There is NO
warranty; not even for MERCHANTABILITY or FITNESS FOR A PARTICULAR PURPOSE.

configure:4273: $? = 0
configure:4262: g++ -v >&5
Using built-in specs.
COLLECT_GCC=g++
COLLECT_LTO_WRAPPER=/usr/lib/gcc/x86_64-linux-gnu/8/lto-wrapper
OFFLOAD_TARGET_NAMES=nvptx-none
OFFLOAD_TARGET_DEFAULT=1
Target: x86_64-linux-gnu
Configured with: ../src/configure -v --with-pkgversion='Debian 8.3.0-6' --with-bugurl=file:///usr/share/doc/gcc-8/README.Bugs --enable-languages=c,ada,c++,go,brig,d,fortran,objc,obj-c++ --prefix=/usr --with-gcc-major-version-only --program-suffix=-8 --program-prefix=x86_64-linux-gnu- --enable-shared --enable-linker-build-id --libexecdir=/usr/lib --without-included-gettext --enable-threads=posix --libdir=/usr/lib --enable-nls --enable-bootstrap --enable-clocale=gnu --enable-libstdcxx-debug --enable-libstdcxx-time=yes --with-default-libstdcxx-abi=new --enable-gnu-unique-object --disable-vtable-verify --enable-libmpx --enable-plugin --enable-default-pie --with-system-zlib --with-target-system-zlib --enable-objc-gc=auto --enable-multiarch --disable-werror --with-arch-32=i686 --with-abi=m64 --with-multilib-list=m32,m64,mx32 --enable-multilib --with-tune=generic --enable-offload-targets=nvptx-none --without-cuda-driver --enable-checking=release --build=x86_64-linux-gnu --host=x86_64-linux-gnu --target=x86_64-linux-gnu
Thread model: posix
gcc version 8.3.0 (Debian 8.3.0-6) 
configure:4273: $? = 0
configure:4262: g++ -V >&5
g++: error: unrecognized command line option '-V'
g++: fatal error: no input files
compilation terminated.
configure:4273: $? = 1
configure:4262: g++ -qversion >&5
g++: error: unrecognized command line option '-qversion'; did you mean '--version'?
g++: fatal error: no input files
compilation terminated.
configure:4273: $? = 1
configure:4277: checking whether we are using the GNU C++ compiler
configure:4296: g++ -c   conftest.cpp >&5
configure:4296: $? = 0
configure:4305: result: yes
configure:4314: checking whether g++ accepts -g
configure:4334: g++ -c -g  conftest.cpp >&5
configure:4334: $? = 0
configure:4375: result: yes
configure:4400: checking dependency style of g++
configure:4511: result: gcc3
configure:4555: checking build system type
configure:4569: result: x86_64-unknown-linux-gnu
configure:4589: checking host system type
configure:4602: result: x86_64-unknown-linux-gnu
configure:4643: checking how to print strings
configure:4670: result: printf
configure:4691: checking for a sed that does not truncate output
configure:4755: result: /usr/bin/sed
configure:4773: checking for grep that handles long lines and -e
configure:4831: result: /usr/bin/grep
configure:4836: checking for egrep
configure:4898: result: /usr/bin/grep -E
configure:4903: checking for fgrep
configure:4965: result: /usr/bin/grep -F
configure:5000: checking for ld used by gcc
configure:5067: result: /usr/bin/ld
configure:5074: checking if the linker (/usr/bin/ld) is GNU ld
configure:5089: result: yes
configure:5101: checking for BSD- or MS-compatible name lister (nm)
configure:5150: result: /usr/bin/nm -B
configure:5280: checking the name lister (/usr/bin/nm -B) interface
configure:5287: gcc -c -g -O2  conftest.c >&5
configure:5290: /usr/bin/nm -B "conftest.o"
configure:5293: output
0000000000000000 B some_variable
configure:5294: result: BSD nm
configure:5297: checking whether ln -s works
configure:5301: result: yes
configure:5309: checking the maximum length of command line arguments
configure:5440: result: 1572864
configure:5457: checking whether the shell understands some XSI constructs
configure:5466: result: yes
configure:5470: checking whether the shell understands "+="
configure:5474: result: yes
configure:5509: checking how to convert x86_64-unknown-linux-gnu file names to x86_64-unknown-linux-gnu format
configure:5549: result: func_convert_file_noop
configure:5556: checking how to convert x86_64-unknown-linux-gnu file names to toolchain format
configure:5576: result: func_convert_file_noop
configure:5583: checking for /usr/bin/ld option to reload object files
configure:5590: result: -r
configure:5664: checking for objdump
configure:5680: found /usr/bin/objdump
configure:5691: result: objdump
configure:5723: checking how to recognize dependent libraries
configure:5921: result: pass_all
configure:6006: checking for dlltool
configure:6036: result: no
configure:6066: checking how to associate runtime and link libraries
configure:6093: result: printf %s\n
configure:6217: checking for archiver @FILE support
configure:6234: gcc -c -g -O2  conftest.c >&5
configure:6234: $? = 0
configure:6237: ar cru libconftest.a @conftest.lst >&5
ar: `u' modifier ignored since `D' is the default (see `U')
configure:6240: $? = 0
configure:6245: ar cru libconftest.a @conftest.lst >&5
ar: `u' modifier ignored since `D' is the default (see `U')
ar: conftest.o: No such file or directory
configure:6248: $? = 1
configure:6247: result: @
configure:6305: checking for strip
configure:6321: found /usr/bin/strip
configure:6332: result: strip
configure:6404: checking for ranlib
configure:6420: found /usr/bin/ranlib
configure:6431: result: ranlib
configure:6533: checking command to parse /usr/bin/nm -B output from gcc object
configure:6653: gcc -c -g -O2  conftest.c >&5
configure:6656: $? = 0
configure:6660: /usr/bin/nm -B conftest.o \| sed -n -e 's/^.*[ ]\([ABCDGIRSTW][ABCDGIRSTW]*\)[ ][ ]*\([_A-Za-z][_A-Za-z0-9]*\)$/\1 \2 \2/p' | sed '/ __gnu_lto/d' \> conftest.nm
configure:6663: $? = 0
configure:6729: gcc -o conftest -g -O2   conftest.c conftstm.o >&5
configure:6732: $? = 0
configure:6770: result: ok
configure:6807: checking for sysroot
configure:6837: result: no
configure:6914: gcc -c -g -O2  conftest.c >&5
configure:6917: $? = 0
configure:7106: checking for mt
configure:7122: found /usr/bin/mt
configure:7133: result: mt
configure:7156: checking if mt is a manifest tool
configure:7162: mt '-?'
configure:7170: result: no
configure:7812: checking how to run the C preprocessor
configure:7843: gcc -E  conftest.c
configure:7843: $? = 0
configure:7857: gcc -E  conftest.c
conftest.c:11:10: fatal error: ac_nonexistent.h: No such file or directory
 #include <ac_nonexistent.h>
          ^~~~~~~~~~~~~~~~~~
compilation terminated.
configure:7857: $? = 1
configure: failed program was:
| /* confdefs.h */
| #define PACKAGE_NAME "ethercat"
| #define PACKAGE_TARNAME "ethercat"
| #define PACKAGE_VERSION "1.5.2"
| #define PACKAGE_STRING "ethercat 1.5.2"
| #define PACKAGE_BUGREPORT "fp@igh-essen.com"
| #define PACKAGE_URL ""
| #define PACKAGE "ethercat"
| #define VERSION "1.5.2"
| /* end confdefs.h.  */
| #include <ac_nonexistent.h>
configure:7882: result: gcc -E
configure:7902: gcc -E  conftest.c
configure:7902: $? = 0
configure:7916: gcc -E  conftest.c
conftest.c:11:10: fatal error: ac_nonexistent.h: No such file or directory
 #include <ac_nonexistent.h>
          ^~~~~~~~~~~~~~~~~~
compilation terminated.
configure:7916: $? = 1
configure: failed program was:
| /* confdefs.h */
| #define PACKAGE_NAME "ethercat"
| #define PACKAGE_TARNAME "ethercat"
| #define PACKAGE_VERSION "1.5.2"
| #define PACKAGE_STRING "ethercat 1.5.2"
| #define PACKAGE_BUGREPORT "fp@igh-essen.com"
| #define PACKAGE_URL ""
| #define PACKAGE "ethercat"
| #define VERSION "1.5.2"
| /* end confdefs.h.  */
| #include <ac_nonexistent.h>
configure:7945: checking for ANSI C header files
configure:7965: gcc -c -g -O2  conftest.c >&5
configure:7965: $? = 0
configure:8038: gcc -o conftest -g -O2   conftest.c  >&5
configure:8038: $? = 0
configure:8038: ./conftest
configure:8038: $? = 0
configure:8049: result: yes
configure:8062: checking for sys/types.h
configure:8062: gcc -c -g -O2  conftest.c >&5
configure:8062: $? = 0
configure:8062: result: yes
configure:8062: checking for sys/stat.h
configure:8062: gcc -c -g -O2  conftest.c >&5
configure:8062: $? = 0
configure:8062: result: yes
configure:8062: checking for stdlib.h
configure:8062: gcc -c -g -O2  conftest.c >&5
configure:8062: $? = 0
configure:8062: result: yes
configure:8062: checking for string.h
configure:8062: gcc -c -g -O2  conftest.c >&5
configure:8062: $? = 0
configure:8062: result: yes
configure:8062: checking for memory.h
configure:8062: gcc -c -g -O2  conftest.c >&5
configure:8062: $? = 0
configure:8062: result: yes
configure:8062: checking for strings.h
configure:8062: gcc -c -g -O2  conftest.c >&5
configure:8062: $? = 0
configure:8062: result: yes
configure:8062: checking for inttypes.h
configure:8062: gcc -c -g -O2  conftest.c >&5
configure:8062: $? = 0
configure:8062: result: yes
configure:8062: checking for stdint.h
configure:8062: gcc -c -g -O2  conftest.c >&5
configure:8062: $? = 0
configure:8062: result: yes
configure:8062: checking for unistd.h
configure:8062: gcc -c -g -O2  conftest.c >&5
configure:8062: $? = 0
configure:8062: result: yes
configure:8076: checking for dlfcn.h
configure:8076: gcc -c -g -O2  conftest.c >&5
configure:8076: $? = 0
configure:8076: result: yes
configure:8293: checking for objdir
configure:8308: result: .libs
configure:8579: checking if gcc supports -fno-rtti -fno-exceptions
configure:8597: gcc -c -g -O2  -fno-rtti -fno-exceptions conftest.c >&5
cc1: warning: command line option '-fno-rtti' is valid for C++/ObjC++ but not for C
configure:8601: $? = 0
configure:8614: result: no
configure:8941: checking for gcc option to produce PIC
configure:8948: result: -fPIC -DPIC
configure:8956: checking if gcc PIC flag -fPIC -DPIC works
configure:8974: gcc -c -g -O2  -fPIC -DPIC -DPIC conftest.c >&5
configure:8978: $? = 0
configure:8991: result: yes
configure:9020: checking if gcc static flag -static works
configure:9048: result: yes
configure:9063: checking if gcc supports -c -o file.o
configure:9084: gcc -c -g -O2  -o out/conftest2.o conftest.c >&5
configure:9088: $? = 0
configure:9110: result: yes
configure:9118: checking if gcc supports -c -o file.o
configure:9165: result: yes
configure:9198: checking whether the gcc linker (/usr/bin/ld -m elf_x86_64) supports shared libraries
configure:10355: result: yes
configure:10392: checking whether -lc should be explicitly linked in
configure:10400: gcc -c -g -O2  conftest.c >&5
configure:10403: $? = 0
configure:10418: gcc -shared  -fPIC -DPIC conftest.o  -v -Wl,-soname -Wl,conftest -o conftest 2\>\&1 \| /usr/bin/grep  -lc  \>/dev/null 2\>\&1
configure:10421: $? = 0
configure:10435: result: no
configure:10595: checking dynamic linker characteristics
configure:11095: gcc -o conftest -g -O2   -Wl,-rpath -Wl,/foo conftest.c  >&5
configure:11095: $? = 0
configure:11329: result: GNU/Linux ld.so
configure:11436: checking how to hardcode library paths into programs
configure:11461: result: immediate
configure:12001: checking whether stripping libraries is possible
configure:12006: result: yes
configure:12041: checking if libtool supports shared libraries
configure:12043: result: yes
configure:12046: checking whether to build shared libraries
configure:12067: result: yes
configure:12070: checking whether to build static libraries
configure:12074: result: yes
configure:9102: checking how to run the C++ preprocessor
configure:9129: g++ -E  conftest.cpp
configure:9129: $? = 0
configure:9143: g++ -E  conftest.cpp
conftest.cpp:23:10: fatal error: ac_nonexistent.h: No such file or directory
 #include <ac_nonexistent.h>
          ^~~~~~~~~~~~~~~~~~
compilation terminated.
configure:9143: $? = 1
configure: failed program was:
| /* confdefs.h */
| #define PACKAGE_NAME "ethercat"
| #define PACKAGE_TARNAME "ethercat"
| #define PACKAGE_VERSION "1.5.2"
| #define PACKAGE_STRING "ethercat 1.5.2"
| #define PACKAGE_BUGREPORT "fp@igh-essen.com"
| #define PACKAGE_URL ""
| #define PACKAGE "ethercat"
| #define VERSION "1.5.2"
| #define STDC_HEADERS 1
| #define HAVE_SYS_TYPES_H 1
| #define HAVE_SYS_STAT_H 1
| #define HAVE_STDLIB_H 1
| #define HAVE_STRING_H 1
| #define HAVE_MEMORY_H 1
| #define HAVE_STRINGS_H 1
| #define HAVE_INTTYPES_H 1
| #define HAVE_STDINT_H 1
| #define HAVE_UNISTD_H 1
| #define HAVE_DLFCN_H 1
| #define LT_OBJDIR ".libs/"
| /* end confdefs.h.  */
| #include <ac_nonexistent.h>
configure:9168: result: g++ -E
configure:9188: g++ -E  conftest.cpp
configure:9188: $? = 0
configure:9202: g++ -E  conftest.cpp
conftest.cpp:23:10: fatal error: ac_nonexistent.h: No such file or directory
 #include <ac_nonexistent.h>
          ^~~~~~~~~~~~~~~~~~
compilation terminated.
configure:9202: $? = 1
configure: failed program was:
| /* confdefs.h */
| #define PACKAGE_NAME "ethercat"
| #define PACKAGE_TARNAME "ethercat"
| #define PACKAGE_VERSION "1.5.2"
| #define PACKAGE_STRING "ethercat 1.5.2"
| #define PACKAGE_BUGREPORT "fp@igh-essen.com"
| #define PACKAGE_URL ""
| #define PACKAGE "ethercat"
| #define VERSION "1.5.2"
| #define STDC_HEADERS 1
| #define HAVE_SYS_TYPES_H 1
| #define HAVE_SYS_STAT_H 1
| #define HAVE_STDLIB_H 1
| #define HAVE_STRING_H 1
| #define HAVE_MEMORY_H 1
| #define HAVE_STRINGS_H 1
| #define HAVE_INTTYPES_H 1
| #define HAVE_STDINT_H 1
| #define HAVE_UNISTD_H 1
| #define HAVE_DLFCN_H 1
| #define LT_OBJDIR ".libs/"
| /* end confdefs.h.  */
| #include <ac_nonexistent.h>
configure:9371: checking for ld used by g++
configure:9438: result: /usr/bin/ld -m elf_x86_64
configure:9445: checking if the linker (/usr/bin/ld -m elf_x86_64) is GNU ld
configure:9460: result: yes
configure:9515: checking whether the g++ linker (/usr/bin/ld -m elf_x86_64) supports shared libraries
configure:10517: result: yes
configure:10553: g++ -c -g -O2  conftest.cpp >&5
configure:10556: $? = 0
configure:11076: checking for g++ option to produce PIC
configure:11083: result: -fPIC -DPIC
configure:11091: checking if g++ PIC flag -fPIC -DPIC works
configure:11109: g++ -c -g -O2  -fPIC -DPIC -DPIC conftest.cpp >&5
configure:11113: $? = 0
configure:11126: result: yes
configure:11149: checking if g++ static flag -static works
configure:11177: result: yes
configure:11189: checking if g++ supports -c -o file.o
configure:11210: g++ -c -g -O2  -o out/conftest2.o conftest.cpp >&5
configure:11214: $? = 0
configure:11236: result: yes
configure:11241: checking if g++ supports -c -o file.o
configure:11288: result: yes
configure:11318: checking whether the g++ linker (/usr/bin/ld -m elf_x86_64) supports shared libraries
configure:11357: result: yes
configure:11498: checking dynamic linker characteristics
configure:12166: result: GNU/Linux ld.so
configure:12219: checking how to hardcode library paths into programs
configure:12244: result: immediate
configure:11266: checking for Linux kernel sources
configure:11303: result: /usr/src/linux-headers-4.19.0-5-rt-amd64 (Kernel 4.19)
configure:11322: checking for Linux modules installation directory
configure:11324: result: ethercat
configure:11745: checking for RTAI path
configure:11749: result: not specified.
configure:11800: checking for Xenomai path
configure:11804: result: not specified.
configure:11869: checking whether to build RTDM interface
configure:11879: result: no
configure:11898: checking whether to build the debug interface
configure:11926: result: no
configure:11945: checking whether to build the debug ring
configure:11973: result: no
configure:11981: checking whether to build with EoE support
configure:12006: result: yes
configure:12028: checking whether to use the CPU timestamp counter
configure:12056: result: no
configure:12064: checking whether to use high-resolution timers for scheduling
configure:12092: result: no
configure:12100: checking whether to read alias addresses from registers
configure:12128: result: no
configure:12136: checking whether to build the command-line tool
configure:12158: result: yes
configure:12178: checking whether to build the userspace library
configure:12200: result: yes
configure:12220: checking whether to build the tty driver
configure:12245: result: no
configure:12264: checking whether to allow identification wildcards
configure:12292: result: no
configure:12314: checking for number of Ethernet devices
configure:12324: result: 1 (Redundancy disabled)
configure:12339: checking whether to assign the SII to PDI
configure:12364: result: yes
configure:12476: checking that generated files are newer than configure
configure:12482: result: done
configure:12565: creating ./config.status

## ---------------------- ##
## Running config.status. ##
## ---------------------- ##

This file was extended by ethercat config.status 1.5.2, which was
generated by GNU Autoconf 2.69.  Invocation command line was

  CONFIG_FILES    = 
  CONFIG_HEADERS  = 
  CONFIG_LINKS    = 
  CONFIG_COMMANDS = 
  $ ./config.status 

on j254-test

config.status:1239: creating Doxyfile
config.status:1239: creating Kbuild
config.status:1239: creating Makefile
config.status:1239: creating devices/Kbuild
config.status:1239: creating devices/Makefile
config.status:1239: creating devices/e1000/Kbuild
config.status:1239: creating devices/e1000/Makefile
config.status:1239: creating devices/e1000e/Kbuild
config.status:1239: creating devices/e1000e/Makefile
config.status:1239: creating ethercat.spec
config.status:1239: creating examples/Kbuild
config.status:1239: creating examples/Makefile
config.status:1239: creating examples/dc_rtai/Kbuild
config.status:1239: creating examples/dc_rtai/Makefile
config.status:1239: creating examples/dc_user/Makefile
config.status:1239: creating examples/mini/Kbuild
config.status:1239: creating examples/mini/Makefile
config.status:1239: creating examples/rtai/Kbuild
config.status:1239: creating examples/rtai/Makefile
config.status:1239: creating examples/rtai_rtdm/Makefile
config.status:1239: creating examples/rtai_rtdm_dc/Makefile
config.status:1239: creating examples/tty/Kbuild
config.status:1239: creating examples/tty/Makefile
config.status:1239: creating examples/user/Makefile
config.status:1239: creating examples/xenomai/Makefile
config.status:1239: creating examples/xenomai_posix/Makefile
config.status:1239: creating include/Makefile
config.status:1239: creating lib/Makefile
config.status:1239: creating m4/Makefile
config.status:1239: creating master/Kbuild
config.status:1239: creating master/Makefile
config.status:1239: creating script/Makefile
config.status:1239: creating script/ethercat.service
config.status:1239: creating script/ethercatctl
config.status:1239: creating script/init.d/Makefile
config.status:1239: creating script/init.d/ethercat
config.status:1239: creating script/sysconfig/Makefile
config.status:1239: creating tool/Makefile
config.status:1239: creating tty/Kbuild
config.status:1239: creating tty/Makefile
config.status:1239: creating config.h
config.status:1420: config.h is unchanged
config.status:1468: executing depfiles commands
config.status:1468: executing libtool commands

## ---------------- ##
## Cache variables. ##
## ---------------- ##

ac_cv_build=x86_64-unknown-linux-gnu
ac_cv_c_compiler_gnu=yes
ac_cv_cxx_compiler_gnu=yes
ac_cv_env_CCC_set=
ac_cv_env_CCC_value=
ac_cv_env_CC_set=
ac_cv_env_CC_value=
ac_cv_env_CFLAGS_set=
ac_cv_env_CFLAGS_value=
ac_cv_env_CPPFLAGS_set=
ac_cv_env_CPPFLAGS_value=
ac_cv_env_CPP_set=
ac_cv_env_CPP_value=
ac_cv_env_CXXCPP_set=
ac_cv_env_CXXCPP_value=
ac_cv_env_CXXFLAGS_set=
ac_cv_env_CXXFLAGS_value=
ac_cv_env_CXX_set=
ac_cv_env_CXX_value=
ac_cv_env_LDFLAGS_set=
ac_cv_env_LDFLAGS_value=
ac_cv_env_LIBS_set=
ac_cv_env_LIBS_value=
ac_cv_env_build_alias_set=
ac_cv_env_build_alias_value=
ac_cv_env_host_alias_set=
ac_cv_env_host_alias_value=
ac_cv_env_target_alias_set=
ac_cv_env_target_alias_value=
ac_cv_header_dlfcn_h=yes
ac_cv_header_inttypes_h=yes
ac_cv_header_memory_h=yes
ac_cv_header_stdc=yes
ac_cv_header_stdint_h=yes
ac_cv_header_stdlib_h=yes
ac_cv_header_string_h=yes
ac_cv_header_strings_h=yes
ac_cv_header_sys_stat_h=yes
ac_cv_header_sys_types_h=yes
ac_cv_header_unistd_h=yes
ac_cv_host=x86_64-unknown-linux-gnu
ac_cv_objext=o
ac_cv_path_EGREP='/usr/bin/grep -E'
ac_cv_path_FGREP='/usr/bin/grep -F'
ac_cv_path_GREP=/usr/bin/grep
ac_cv_path_SED=/usr/bin/sed
ac_cv_path_install='/usr/bin/install -c'
ac_cv_path_mkdir=/usr/bin/mkdir
ac_cv_prog_AWK=mawk
ac_cv_prog_CPP='gcc -E'
ac_cv_prog_CXXCPP='g++ -E'
ac_cv_prog_ac_ct_AR=ar
ac_cv_prog_ac_ct_CC=gcc
ac_cv_prog_ac_ct_CXX=g++
ac_cv_prog_ac_ct_MANIFEST_TOOL=mt
ac_cv_prog_ac_ct_OBJDUMP=objdump
ac_cv_prog_ac_ct_RANLIB=ranlib
ac_cv_prog_ac_ct_STRIP=strip
ac_cv_prog_cc_c89=
ac_cv_prog_cc_g=yes
ac_cv_prog_cxx_g=yes
ac_cv_prog_make_make_set=yes
am_cv_CC_dependencies_compiler_type=gcc3
am_cv_CXX_dependencies_compiler_type=gcc3
am_cv_ar_interface=ar
am_cv_make_support_nested_variables=yes
am_cv_prog_cc_c_o=yes
lt_cv_ar_at_file=@
lt_cv_archive_cmds_need_lc=no
lt_cv_deplibs_check_method=pass_all
lt_cv_file_magic_cmd='$MAGIC_CMD'
lt_cv_file_magic_test_file=
lt_cv_ld_reload_flag=-r
lt_cv_nm_interface='BSD nm'
lt_cv_objdir=.libs
lt_cv_path_LD=/usr/bin/ld
lt_cv_path_LDCXX='/usr/bin/ld -m elf_x86_64'
lt_cv_path_NM='/usr/bin/nm -B'
lt_cv_path_mainfest_tool=no
lt_cv_prog_compiler_c_o=yes
lt_cv_prog_compiler_c_o_CXX=yes
lt_cv_prog_compiler_pic='-fPIC -DPIC'
lt_cv_prog_compiler_pic_CXX='-fPIC -DPIC'
lt_cv_prog_compiler_pic_works=yes
lt_cv_prog_compiler_pic_works_CXX=yes
lt_cv_prog_compiler_rtti_exceptions=no
lt_cv_prog_compiler_static_works=yes
lt_cv_prog_compiler_static_works_CXX=yes
lt_cv_prog_gnu_ld=yes
lt_cv_prog_gnu_ldcxx=yes
lt_cv_sharedlib_from_linklib_cmd='printf %s\n'
lt_cv_shlibpath_overrides_runpath=yes
lt_cv_sys_global_symbol_pipe='sed -n -e '\''s/^.*[	 ]\([ABCDGIRSTW][ABCDGIRSTW]*\)[	 ][	 ]*\([_A-Za-z][_A-Za-z0-9]*\)$/\1 \2 \2/p'\'' | sed '\''/ __gnu_lto/d'\'''
lt_cv_sys_global_symbol_to_c_name_address='sed -n -e '\''s/^: \([^ ]*\)[ ]*$/  {\"\1\", (void *) 0},/p'\'' -e '\''s/^[ABCDGIRSTW]* \([^ ]*\) \([^ ]*\)$/  {"\2", (void *) \&\2},/p'\'''
lt_cv_sys_global_symbol_to_c_name_address_lib_prefix='sed -n -e '\''s/^: \([^ ]*\)[ ]*$/  {\"\1\", (void *) 0},/p'\'' -e '\''s/^[ABCDGIRSTW]* \([^ ]*\) \(lib[^ ]*\)$/  {"\2", (void *) \&\2},/p'\'' -e '\''s/^[ABCDGIRSTW]* \([^ ]*\) \([^ ]*\)$/  {"lib\2", (void *) \&\2},/p'\'''
lt_cv_sys_global_symbol_to_cdecl='sed -n -e '\''s/^T .* \(.*\)$/extern int \1();/p'\'' -e '\''s/^[ABCDGIRSTW]* .* \(.*\)$/extern char \1;/p'\'''
lt_cv_sys_max_cmd_len=1572864
lt_cv_to_host_file_cmd=func_convert_file_noop
lt_cv_to_tool_file_cmd=func_convert_file_noop

## ----------------- ##
## Output variables. ##
## ----------------- ##

ACLOCAL='${SHELL} /epics/drivers/ethercat/etherlabmaster-code/autoconf/missing aclocal-1.14'
AMDEPBACKSLASH='\'
AMDEP_FALSE='#'
AMDEP_TRUE=''
AMTAR='$${TAR-tar}'
AM_BACKSLASH='\'
AM_DEFAULT_V='$(AM_DEFAULT_VERBOSITY)'
AM_DEFAULT_VERBOSITY='1'
AM_V='$(V)'
AR='ar'
AUTOCONF='${SHELL} /epics/drivers/ethercat/etherlabmaster-code/autoconf/missing autoconf'
AUTOHEADER='${SHELL} /epics/drivers/ethercat/etherlabmaster-code/autoconf/missing autoheader'
AUTOMAKE='${SHELL} /epics/drivers/ethercat/etherlabmaster-code/autoconf/missing automake-1.14'
AWK='mawk'
BUILD_TOOL_FALSE='#'
BUILD_TOOL_TRUE=''
CC='gcc'
CCDEPMODE='depmode=gcc3'
CFLAGS='-g -O2'
CPP='gcc -E'
CPPFLAGS=''
CXX='g++'
CXXCPP='g++ -E'
CXXDEPMODE='depmode=gcc3'
CXXFLAGS='-g -O2'
CYGPATH_W='echo'
DEFS='-DHAVE_CONFIG_H'
DEPDIR='.deps'
DLLTOOL='false'
DSYMUTIL=''
DUMPBIN=''
E1000E_LAYOUT_3_4='0'
ECHO_C=''
ECHO_N='-n'
ECHO_T=''
EGREP='/usr/bin/grep -E'
ENABLE_8139TOO='0'
ENABLE_8139TOO_FALSE=''
ENABLE_8139TOO_TRUE='#'
ENABLE_DEBUG_IF='0'
ENABLE_DEBUG_IF_FALSE=''
ENABLE_DEBUG_IF_TRUE='#'
ENABLE_E1000='0'
ENABLE_E1000E='0'
ENABLE_E1000E_FALSE=''
ENABLE_E1000E_TRUE='#'
ENABLE_E1000_FALSE=''
ENABLE_E1000_TRUE='#'
ENABLE_E100='0'
ENABLE_E100_FALSE=''
ENABLE_E100_TRUE='#'
ENABLE_EOE='1'
ENABLE_EOE_FALSE='#'
ENABLE_EOE_TRUE=''
ENABLE_GENERIC='1'
ENABLE_GENERIC_FALSE='#'
ENABLE_GENERIC_TRUE=''
ENABLE_R8169='0'
ENABLE_R8169_FALSE=''
ENABLE_R8169_TRUE='#'
ENABLE_RTAI='0'
ENABLE_RTAI_FALSE=''
ENABLE_RTAI_TRUE='#'
ENABLE_RTDM='0'
ENABLE_RTDM_FALSE=''
ENABLE_RTDM_TRUE='#'
ENABLE_TTY='0'
ENABLE_TTY_FALSE=''
ENABLE_TTY_TRUE='#'
ENABLE_USERLIB_FALSE='#'
ENABLE_USERLIB_TRUE=''
ENABLE_XENOMAI='0'
ENABLE_XENOMAI_FALSE=''
ENABLE_XENOMAI_TRUE='#'
EXEEXT=''
FGREP='/usr/bin/grep -F'
GREP='/usr/bin/grep'
INSTALL_DATA='${INSTALL} -m 644'
INSTALL_MOD_DIR='ethercat'
INSTALL_PROGRAM='${INSTALL}'
INSTALL_SCRIPT='${INSTALL}'
INSTALL_STRIP_PROGRAM='$(install_sh) -c -s'
KERNEL_8139TOO='4.19'
KERNEL_E1000='4.19'
KERNEL_E1000E='4.19'
KERNEL_E100='4.19'
KERNEL_R8169='4.19'
LD='/usr/bin/ld -m elf_x86_64'
LDFLAGS=''
LIBOBJS=''
LIBS=''
LIBTOOL='$(SHELL) $(top_builddir)/libtool'
LINUX_SOURCE_DIR='/usr/src/linux-headers-4.19.0-5-rt-amd64'
LIPO=''
LN_S='ln -s'
LTLIBOBJS=''
MAKEINFO='${SHELL} /epics/drivers/ethercat/etherlabmaster-code/autoconf/missing makeinfo'
MANIFEST_TOOL=':'
MKDIR_P='/usr/bin/mkdir -p'
NM='/usr/bin/nm -B'
NMEDIT=''
OBJDUMP='objdump'
OBJEXT='o'
OTOOL64=''
OTOOL=''
PACKAGE='ethercat'
PACKAGE_BUGREPORT='fp@igh-essen.com'
PACKAGE_NAME='ethercat'
PACKAGE_STRING='ethercat 1.5.2'
PACKAGE_TARNAME='ethercat'
PACKAGE_URL=''
PACKAGE_VERSION='1.5.2'
PATH_SEPARATOR=':'
RANLIB='ranlib'
RTAI_DIR=''
RTAI_LXRT_CFLAGS=''
RTAI_LXRT_LDFLAGS=''
SED='/usr/bin/sed'
SET_MAKE=''
SHELL='/bin/bash'
STRIP='strip'
VERSION='1.5.2'
XENOMAI_DIR=''
XENOMAI_NATIVE_CFLAGS=''
XENOMAI_NATIVE_LDFLAGS=''
XENOMAI_POSIX_CFLAGS=''
XENOMAI_POSIX_LDFLAGS=''
XENOMAI_RTDM_CFLAGS=''
XENOMAI_RTDM_LDFLAGS=''
ac_ct_AR='ar'
ac_ct_CC='gcc'
ac_ct_CXX='g++'
ac_ct_DUMPBIN=''
am__EXEEXT_FALSE=''
am__EXEEXT_TRUE='#'
am__fastdepCC_FALSE='#'
am__fastdepCC_TRUE=''
am__fastdepCXX_FALSE='#'
am__fastdepCXX_TRUE=''
am__include='include'
am__isrc=''
am__leading_dot='.'
am__nodep='_no'
am__quote=''
am__tar='$${TAR-tar} chof - "$$tardir"'
am__untar='$${TAR-tar} xf -'
bindir='${exec_prefix}/bin'
build='x86_64-unknown-linux-gnu'
build_alias=''
build_cpu='x86_64'
build_os='linux-gnu'
build_vendor='unknown'
datadir='${datarootdir}'
datarootdir='${prefix}/share'
docdir='${datarootdir}/doc/${PACKAGE_TARNAME}'
dvidir='${docdir}'
exec_prefix='${prefix}'
host='x86_64-unknown-linux-gnu'
host_alias=''
host_cpu='x86_64'
host_os='linux-gnu'
host_vendor='unknown'
htmldir='${docdir}'
includedir='${prefix}/include'
infodir='${datarootdir}/info'
install_sh='${SHELL} /epics/drivers/ethercat/etherlabmaster-code/autoconf/install-sh'
libdir='${exec_prefix}/lib'
libexecdir='${exec_prefix}/libexec'
localedir='${datarootdir}/locale'
localstatedir='${prefix}/var'
mandir='${datarootdir}/man'
mkdir_p='$(MKDIR_P)'
oldincludedir='/usr/include'
pdfdir='${docdir}'
prefix='/epics/drivers/ethercat/etherlabmaster-code/sysroot'
program_transform_name='s,x,x,'
psdir='${docdir}'
sbindir='${exec_prefix}/sbin'
sharedstatedir='${prefix}/com'
sysconfdir='${prefix}/etc'
target_alias=''

## ----------- ##
## confdefs.h. ##
## ----------- ##

/* confdefs.h */
#define PACKAGE_NAME "ethercat"
#define PACKAGE_TARNAME "ethercat"
#define PACKAGE_VERSION "1.5.2"
#define PACKAGE_STRING "ethercat 1.5.2"
#define PACKAGE_BUGREPORT "fp@igh-essen.com"
#define PACKAGE_URL ""
#define PACKAGE "ethercat"
#define VERSION "1.5.2"
#define STDC_HEADERS 1
#define HAVE_SYS_TYPES_H 1
#define HAVE_SYS_STAT_H 1
#define HAVE_STDLIB_H 1
#define HAVE_STRING_H 1
#define HAVE_MEMORY_H 1
#define HAVE_STRINGS_H 1
#define HAVE_INTTYPES_H 1
#define HAVE_STDINT_H 1
#define HAVE_UNISTD_H 1
#define HAVE_DLFCN_H 1
#define LT_OBJDIR ".libs/"
#define EC_EOE 1
#define EC_MAX_NUM_DEVICES 1
#define EC_SII_ASSIGN 1

configure: exit 0
